  MainMenu.cpp
C:\Users\Austin\Downloads\WSU-CPTS-122-Abscond-Andy-PA-9-rcalimlim-patch-2\WSU-CPTS-122-Abscond-Andy-PA-9-rcalimlim-patch-2\MainMenu.cpp(33,52): warning C4244: 'argument': conversion from 'T' to 'float', possible loss of data
          with
          [
              T=unsigned int
          ]
C:\Users\Austin\Downloads\WSU-CPTS-122-Abscond-Andy-PA-9-rcalimlim-patch-2\WSU-CPTS-122-Abscond-Andy-PA-9-rcalimlim-patch-2\MainMenu.cpp(33,34): warning C4244: 'argument': conversion from 'T' to 'float', possible loss of data
          with
          [
              T=unsigned int
          ]
C:\Users\Austin\Downloads\WSU-CPTS-122-Abscond-Andy-PA-9-rcalimlim-patch-2\WSU-CPTS-122-Abscond-Andy-PA-9-rcalimlim-patch-2\MainMenu.cpp(68): warning C4715: 'runMenu': not all control paths return a value
Animation.obj : error LNK2019: unresolved external symbol "public: class sf::Vector2<unsigned int> __cdecl sf::Texture::getSize(void)const " (?getSize@Texture@sf@@QEBA?AV?$Vector2@I@2@XZ) referenced in function "public: __cdecl Animation::Animation(class sf::Texture *,class sf::Vector2<unsigned int>,float)" (??0Animation@@QEAA@PEAVTexture@sf@@V?$Vector2@I@2@M@Z)
Collider.obj : error LNK2019: unresolved external symbol "public: class sf::Vector2<float> const & __cdecl sf::Transformable::getPosition(void)const " (?getPosition@Transformable@sf@@QEBAAEBV?$Vector2@M@2@XZ) referenced in function "public: class sf::Vector2<float> __cdecl Collider::getPosition(void)" (?getPosition@Collider@@QEAA?AV?$Vector2@M@sf@@XZ)
Main.obj : error LNK2001: unresolved external symbol "public: class sf::Vector2<float> const & __cdecl sf::Transformable::getPosition(void)const " (?getPosition@Transformable@sf@@QEBAAEBV?$Vector2@M@2@XZ)
Collider.obj : error LNK2019: unresolved external symbol "public: void __cdecl sf::Transformable::move(float,float)" (?move@Transformable@sf@@QEAAXMM@Z) referenced in function "public: void __cdecl Collider::Move(float,float)" (?Move@Collider@@QEAAXMM@Z)
Collider.obj : error LNK2019: unresolved external symbol "public: class sf::Vector2<float> const & __cdecl sf::RectangleShape::getSize(void)const " (?getSize@RectangleShape@sf@@QEBAAEBV?$Vector2@M@2@XZ) referenced in function "public: class sf::Vector2<float> __cdecl Collider::getHalfSize(void)" (?getHalfSize@Collider@@QEAA?AV?$Vector2@M@sf@@XZ)
Entity.obj : error LNK2001: unresolved external symbol "public: class sf::Vector2<float> const & __cdecl sf::RectangleShape::getSize(void)const " (?getSize@RectangleShape@sf@@QEBAAEBV?$Vector2@M@2@XZ)
Player.obj : error LNK2001: unresolved external symbol "public: class sf::Vector2<float> const & __cdecl sf::RectangleShape::getSize(void)const " (?getSize@RectangleShape@sf@@QEBAAEBV?$Vector2@M@2@XZ)
Entity.obj : error LNK2019: unresolved external symbol "public: static bool __cdecl sf::Keyboard::isKeyPressed(enum sf::Keyboard::Key)" (?isKeyPressed@Keyboard@sf@@SA_NW4Key@12@@Z) referenced in function "public: void __cdecl Entity::update(float)" (?update@Entity@@QEAAXM@Z)
Player.obj : error LNK2001: unresolved external symbol "public: static bool __cdecl sf::Keyboard::isKeyPressed(enum sf::Keyboard::Key)" (?isKeyPressed@Keyboard@sf@@SA_NW4Key@12@@Z)
Entity.obj : error LNK2019: unresolved external symbol "public: void __cdecl sf::Transformable::setPosition(class sf::Vector2<float> const &)" (?setPosition@Transformable@sf@@QEAAXAEBV?$Vector2@M@2@@Z) referenced in function "public: __cdecl Entity::Entity(class sf::Texture *,class sf::Vector2<unsigned int>,float,float)" (??0Entity@@QEAA@PEAVTexture@sf@@V?$Vector2@I@2@MM@Z)
Player.obj : error LNK2001: unresolved external symbol "public: void __cdecl sf::Transformable::setPosition(class sf::Vector2<float> const &)" (?setPosition@Transformable@sf@@QEAAXAEBV?$Vector2@M@2@@Z)
Wall.obj : error LNK2001: unresolved external symbol "public: void __cdecl sf::Transformable::setPosition(class sf::Vector2<float> const &)" (?setPosition@Transformable@sf@@QEAAXAEBV?$Vector2@M@2@@Z)
Entity.obj : error LNK2019: unresolved external symbol "public: void __cdecl sf::Transformable::setOrigin(class sf::Vector2<float> const &)" (?setOrigin@Transformable@sf@@QEAAXAEBV?$Vector2@M@2@@Z) referenced in function "public: __cdecl Entity::Entity(class sf::Texture *,class sf::Vector2<unsigned int>,float,float)" (??0Entity@@QEAA@PEAVTexture@sf@@V?$Vector2@I@2@MM@Z)
Player.obj : error LNK2001: unresolved external symbol "public: void __cdecl sf::Transformable::setOrigin(class sf::Vector2<float> const &)" (?setOrigin@Transformable@sf@@QEAAXAEBV?$Vector2@M@2@@Z)
Wall.obj : error LNK2001: unresolved external symbol "public: void __cdecl sf::Transformable::setOrigin(class sf::Vector2<float> const &)" (?setOrigin@Transformable@sf@@QEAAXAEBV?$Vector2@M@2@@Z)
Entity.obj : error LNK2019: unresolved external symbol "public: void __cdecl sf::Transformable::move(class sf::Vector2<float> const &)" (?move@Transformable@sf@@QEAAXAEBV?$Vector2@M@2@@Z) referenced in function "public: void __cdecl Entity::update(float)" (?update@Entity@@QEAAXM@Z)
Player.obj : error LNK2001: unresolved external symbol "public: void __cdecl sf::Transformable::move(class sf::Vector2<float> const &)" (?move@Transformable@sf@@QEAAXAEBV?$Vector2@M@2@@Z)
Wall.obj : error LNK2001: unresolved external symbol "public: virtual __cdecl sf::Shape::~Shape(void)" (??1Shape@sf@@UEAA@XZ)
Entity.obj : error LNK2001: unresolved external symbol "public: virtual __cdecl sf::Shape::~Shape(void)" (??1Shape@sf@@UEAA@XZ)
Main.obj : error LNK2001: unresolved external symbol "public: virtual __cdecl sf::Shape::~Shape(void)" (??1Shape@sf@@UEAA@XZ)
MainMenu.obj : error LNK2001: unresolved external symbol "public: virtual __cdecl sf::Shape::~Shape(void)" (??1Shape@sf@@UEAA@XZ)
Player.obj : error LNK2001: unresolved external symbol "public: virtual __cdecl sf::Shape::~Shape(void)" (??1Shape@sf@@UEAA@XZ)
Entity.obj : error LNK2019: unresolved external symbol "public: void __cdecl sf::Shape::setTexture(class sf::Texture const *,bool)" (?setTexture@Shape@sf@@QEAAXPEBVTexture@2@_N@Z) referenced in function "public: __cdecl Entity::Entity(class sf::Texture *,class sf::Vector2<unsigned int>,float,float)" (??0Entity@@QEAA@PEAVTexture@sf@@V?$Vector2@I@2@MM@Z)
MainMenu.obj : error LNK2001: unresolved external symbol "public: void __cdecl sf::Shape::setTexture(class sf::Texture const *,bool)" (?setTexture@Shape@sf@@QEAAXPEBVTexture@2@_N@Z)
Player.obj : error LNK2001: unresolved external symbol "public: void __cdecl sf::Shape::setTexture(class sf::Texture const *,bool)" (?setTexture@Shape@sf@@QEAAXPEBVTexture@2@_N@Z)
Wall.obj : error LNK2001: unresolved external symbol "public: void __cdecl sf::Shape::setTexture(class sf::Texture const *,bool)" (?setTexture@Shape@sf@@QEAAXPEBVTexture@2@_N@Z)
Entity.obj : error LNK2019: unresolved external symbol "public: void __cdecl sf::Shape::setTextureRect(class sf::Rect<int> const &)" (?setTextureRect@Shape@sf@@QEAAXAEBV?$Rect@H@2@@Z) referenced in function "public: void __cdecl Entity::update(float)" (?update@Entity@@QEAAXM@Z)
Player.obj : error LNK2001: unresolved external symbol "public: void __cdecl sf::Shape::setTextureRect(class sf::Rect<int> const &)" (?setTextureRect@Shape@sf@@QEAAXAEBV?$Rect@H@2@@Z)
Entity.obj : error LNK2019: unresolved external symbol "public: __cdecl sf::RectangleShape::RectangleShape(class sf::Vector2<float> const &)" (??0RectangleShape@sf@@QEAA@AEBV?$Vector2@M@1@@Z) referenced in function "public: __cdecl Entity::Entity(class sf::Texture *,class sf::Vector2<unsigned int>,float,float)" (??0Entity@@QEAA@PEAVTexture@sf@@V?$Vector2@I@2@MM@Z)
MainMenu.obj : error LNK2001: unresolved external symbol "public: __cdecl sf::RectangleShape::RectangleShape(class sf::Vector2<float> const &)" (??0RectangleShape@sf@@QEAA@AEBV?$Vector2@M@1@@Z)
Player.obj : error LNK2001: unresolved external symbol "public: __cdecl sf::RectangleShape::RectangleShape(class sf::Vector2<float> const &)" (??0RectangleShape@sf@@QEAA@AEBV?$Vector2@M@1@@Z)
Wall.obj : error LNK2001: unresolved external symbol "public: __cdecl sf::RectangleShape::RectangleShape(class sf::Vector2<float> const &)" (??0RectangleShape@sf@@QEAA@AEBV?$Vector2@M@1@@Z)
Entity.obj : error LNK2019: unresolved external symbol "public: void __cdecl sf::RectangleShape::setSize(class sf::Vector2<float> const &)" (?setSize@RectangleShape@sf@@QEAAXAEBV?$Vector2@M@2@@Z) referenced in function "public: __cdecl Entity::Entity(class sf::Texture *,class sf::Vector2<unsigned int>,float,float)" (??0Entity@@QEAA@PEAVTexture@sf@@V?$Vector2@I@2@MM@Z)
MainMenu.obj : error LNK2001: unresolved external symbol "public: void __cdecl sf::RectangleShape::setSize(class sf::Vector2<float> const &)" (?setSize@RectangleShape@sf@@QEAAXAEBV?$Vector2@M@2@@Z)
Player.obj : error LNK2001: unresolved external symbol "public: void __cdecl sf::RectangleShape::setSize(class sf::Vector2<float> const &)" (?setSize@RectangleShape@sf@@QEAAXAEBV?$Vector2@M@2@@Z)
Wall.obj : error LNK2001: unresolved external symbol "public: void __cdecl sf::RectangleShape::setSize(class sf::Vector2<float> const &)" (?setSize@RectangleShape@sf@@QEAAXAEBV?$Vector2@M@2@@Z)
Main.obj : error LNK2019: unresolved external symbol "public: float __cdecl sf::Time::asSeconds(void)const " (?asSeconds@Time@sf@@QEBAMXZ) referenced in function main
Main.obj : error LNK2019: unresolved external symbol "public: __cdecl sf::Clock::Clock(void)" (??0Clock@sf@@QEAA@XZ) referenced in function main
Main.obj : error LNK2019: unresolved external symbol "public: class sf::Time __cdecl sf::Clock::restart(void)" (?restart@Clock@sf@@QEAA?AVTime@2@XZ) referenced in function main
Main.obj : error LNK2019: unresolved external symbol "public: __cdecl sf::String::String(char const *,class std::locale const &)" (??0String@sf@@QEAA@PEBDAEBVlocale@std@@@Z) referenced in function main
MainMenu.obj : error LNK2001: unresolved external symbol "public: __cdecl sf::String::String(char const *,class std::locale const &)" (??0String@sf@@QEAA@PEBDAEBVlocale@std@@@Z)
Main.obj : error LNK2019: unresolved external symbol "public: __cdecl sf::VideoMode::VideoMode(unsigned int,unsigned int,unsigned int)" (??0VideoMode@sf@@QEAA@III@Z) referenced in function main
MainMenu.obj : error LNK2001: unresolved external symbol "public: __cdecl sf::VideoMode::VideoMode(unsigned int,unsigned int,unsigned int)" (??0VideoMode@sf@@QEAA@III@Z)
Main.obj : error LNK2019: unresolved external symbol "public: bool __cdecl sf::WindowBase::isOpen(void)const " (?isOpen@WindowBase@sf@@QEBA_NXZ) referenced in function main
MainMenu.obj : error LNK2001: unresolved external symbol "public: bool __cdecl sf::WindowBase::isOpen(void)const " (?isOpen@WindowBase@sf@@QEBA_NXZ)
Main.obj : error LNK2019: unresolved external symbol "public: bool __cdecl sf::WindowBase::pollEvent(class sf::Event &)" (?pollEvent@WindowBase@sf@@QEAA_NAEAVEvent@2@@Z) referenced in function main
MainMenu.obj : error LNK2001: unresolved external symbol "public: bool __cdecl sf::WindowBase::pollEvent(class sf::Event &)" (?pollEvent@WindowBase@sf@@QEAA_NAEAVEvent@2@@Z)
Main.obj : error LNK2019: unresolved external symbol "public: virtual void __cdecl sf::Window::create(class sf::VideoMode,class sf::String const &,unsigned int)" (?create@Window@sf@@UEAAXVVideoMode@2@AEBVString@2@I@Z) referenced in function main
Main.obj : error LNK2019: unresolved external symbol "public: virtual void __cdecl sf::Window::close(void)" (?close@Window@sf@@UEAAXXZ) referenced in function main
MainMenu.obj : error LNK2001: unresolved external symbol "public: virtual void __cdecl sf::Window::close(void)" (?close@Window@sf@@UEAAXXZ)
Main.obj : error LNK2019: unresolved external symbol "public: void __cdecl sf::Window::display(void)" (?display@Window@sf@@QEAAXXZ) referenced in function main
Main.obj : error LNK2019: unresolved external symbol "public: virtual __cdecl sf::Transformable::~Transformable(void)" (??1Transformable@sf@@UEAA@XZ) referenced in function "public: virtual __cdecl sf::Sprite::~Sprite(void)" (??1Sprite@sf@@UEAA@XZ)
MainMenu.obj : error LNK2001: unresolved external symbol "public: virtual __cdecl sf::Transformable::~Transformable(void)" (??1Transformable@sf@@UEAA@XZ)
Main.obj : error LNK2019: unresolved external symbol "public: __cdecl sf::Color::Color(unsigned char,unsigned char,unsigned char,unsigned char)" (??0Color@sf@@QEAA@EEEE@Z) referenced in function main
Main.obj : error LNK2019: unresolved external symbol "public: __cdecl sf::Texture::Texture(void)" (??0Texture@sf@@QEAA@XZ) referenced in function main
MainMenu.obj : error LNK2001: unresolved external symbol "public: __cdecl sf::Texture::Texture(void)" (??0Texture@sf@@QEAA@XZ)
Main.obj : error LNK2019: unresolved external symbol "public: __cdecl sf::Texture::~Texture(void)" (??1Texture@sf@@QEAA@XZ) referenced in function main
MainMenu.obj : error LNK2001: unresolved external symbol "public: __cdecl sf::Texture::~Texture(void)" (??1Texture@sf@@QEAA@XZ)
Main.obj : error LNK2019: unresolved external symbol "public: bool __cdecl sf::Texture::loadFromFile(class std::basic_string<char,struct std::char_traits<char>,class std::allocator<char> > const &,class sf::Rect<int> const &)" (?loadFromFile@Texture@sf@@QEAA_NAEBV?$basic_string@DU?$char_traits@D@std@@V?$allocator@D@2@@std@@AEBV?$Rect@H@2@@Z) referenced in function main
MainMenu.obj : error LNK2001: unresolved external symbol "public: bool __cdecl sf::Texture::loadFromFile(class std::basic_string<char,struct std::char_traits<char>,class std::allocator<char> > const &,class sf::Rect<int> const &)" (?loadFromFile@Texture@sf@@QEAA_NAEBV?$basic_string@DU?$char_traits@D@std@@V?$allocator@D@2@@std@@AEBV?$Rect@H@2@@Z)
Main.obj : error LNK2019: unresolved external symbol "public: __cdecl sf::View::View(class sf::Vector2<float> const &,class sf::Vector2<float> const &)" (??0View@sf@@QEAA@AEBV?$Vector2@M@1@0@Z) referenced in function main
Main.obj : error LNK2019: unresolved external symbol "public: void __cdecl sf::View::setCenter(class sf::Vector2<float> const &)" (?setCenter@View@sf@@QEAAXAEBV?$Vector2@M@2@@Z) referenced in function main
Main.obj : error LNK2019: unresolved external symbol "public: void __cdecl sf::View::setSize(float,float)" (?setSize@View@sf@@QEAAXMM@Z) referenced in function "void __cdecl resizeView(class sf::RenderWindow const &,class sf::View &)" (?resizeView@@YAXAEBVRenderWindow@sf@@AEAVView@2@@Z)
Main.obj : error LNK2019: unresolved external symbol "public: void __cdecl sf::RenderTarget::clear(class sf::Color const &)" (?clear@RenderTarget@sf@@QEAAXAEBVColor@2@@Z) referenced in function main
Main.obj : error LNK2019: unresolved external symbol "public: void __cdecl sf::RenderTarget::setView(class sf::View const &)" (?setView@RenderTarget@sf@@QEAAXAEBVView@2@@Z) referenced in function main
Main.obj : error LNK2019: unresolved external symbol "public: void __cdecl sf::RenderTarget::draw(class sf::Drawable const &,class sf::RenderStates const &)" (?draw@RenderTarget@sf@@QEAAXAEBVDrawable@2@AEBVRenderStates@2@@Z) referenced in function "public: void __cdecl Player::draw(class sf::RenderWindow &)" (?draw@Player@@QEAAXAEAVRenderWindow@sf@@@Z)
MainMenu.obj : error LNK2001: unresolved external symbol "public: void __cdecl sf::RenderTarget::draw(class sf::Drawable const &,class sf::RenderStates const &)" (?draw@RenderTarget@sf@@QEAAXAEBVDrawable@2@AEBVRenderStates@2@@Z)
Main.obj : error LNK2019: unresolved external symbol "public: __cdecl sf::RenderWindow::RenderWindow(void)" (??0RenderWindow@sf@@QEAA@XZ) referenced in function main
Main.obj : error LNK2019: unresolved external symbol "public: virtual __cdecl sf::RenderWindow::~RenderWindow(void)" (??1RenderWindow@sf@@UEAA@XZ) referenced in function main
MainMenu.obj : error LNK2001: unresolved external symbol "public: virtual __cdecl sf::RenderWindow::~RenderWindow(void)" (??1RenderWindow@sf@@UEAA@XZ)
Main.obj : error LNK2019: unresolved external symbol "public: __cdecl sf::Sprite::Sprite(void)" (??0Sprite@sf@@QEAA@XZ) referenced in function main
Main.obj : error LNK2001: unresolved external symbol "public: static class sf::RenderStates const sf::RenderStates::Default" (?Default@RenderStates@sf@@2V12@B)
MainMenu.obj : error LNK2001: unresolved external symbol "public: static class sf::RenderStates const sf::RenderStates::Default" (?Default@RenderStates@sf@@2V12@B)
MainMenu.obj : error LNK2019: unresolved external symbol "public: void __cdecl sf::Transformable::setPosition(float,float)" (?setPosition@Transformable@sf@@QEAAXMM@Z) referenced in function "public: __cdecl MainMenu::MainMenu(float,float)" (??0MainMenu@@QEAA@MM@Z)
MainMenu.obj : error LNK2019: unresolved external symbol "public: __cdecl sf::Font::Font(void)" (??0Font@sf@@QEAA@XZ) referenced in function "public: __cdecl MainMenu::MainMenu(float,float)" (??0MainMenu@@QEAA@MM@Z)
MainMenu.obj : error LNK2019: unresolved external symbol "public: __cdecl sf::Font::~Font(void)" (??1Font@sf@@QEAA@XZ) referenced in function "int `public: __cdecl MainMenu::MainMenu(float,float)'::`1'::dtor$0" (?dtor$0@?0???0MainMenu@@QEAA@MM@Z@4HA)
MainMenu.obj : error LNK2019: unresolved external symbol "public: bool __cdecl sf::Font::loadFromFile(class std::basic_string<char,struct std::char_traits<char>,class std::allocator<char> > const &)" (?loadFromFile@Font@sf@@QEAA_NAEBV?$basic_string@DU?$char_traits@D@std@@V?$allocator@D@2@@std@@@Z) referenced in function "public: __cdecl MainMenu::MainMenu(float,float)" (??0MainMenu@@QEAA@MM@Z)
MainMenu.obj : error LNK2019: unresolved external symbol "public: __cdecl sf::RenderWindow::RenderWindow(class sf::VideoMode,class sf::String const &,unsigned int,struct sf::ContextSettings const &)" (??0RenderWindow@sf@@QEAA@VVideoMode@1@AEBVString@1@IAEBUContextSettings@1@@Z) referenced in function "int __cdecl runMenu(void)" (?runMenu@@YAHXZ)
MainMenu.obj : error LNK2019: unresolved external symbol "public: virtual class sf::Vector2<unsigned int> __cdecl sf::RenderWindow::getSize(void)const " (?getSize@RenderWindow@sf@@UEBA?AV?$Vector2@I@2@XZ) referenced in function "int __cdecl runMenu(void)" (?runMenu@@YAHXZ)
MainMenu.obj : error LNK2019: unresolved external symbol "public: __cdecl sf::Text::Text(void)" (??0Text@sf@@QEAA@XZ) referenced in function "public: __cdecl MainMenu::MainMenu(float,float)" (??0MainMenu@@QEAA@MM@Z)
MainMenu.obj : error LNK2019: unresolved external symbol "public: void __cdecl sf::Text::setString(class sf::String const &)" (?setString@Text@sf@@QEAAXAEBVString@2@@Z) referenced in function "public: __cdecl MainMenu::MainMenu(float,float)" (??0MainMenu@@QEAA@MM@Z)
MainMenu.obj : error LNK2019: unresolved external symbol "public: void __cdecl sf::Text::setFont(class sf::Font const &)" (?setFont@Text@sf@@QEAAXAEBVFont@2@@Z) referenced in function "public: __cdecl MainMenu::MainMenu(float,float)" (??0MainMenu@@QEAA@MM@Z)
MainMenu.obj : error LNK2019: unresolved external symbol "public: void __cdecl sf::Text::setCharacterSize(unsigned int)" (?setCharacterSize@Text@sf@@QEAAXI@Z) referenced in function "public: __cdecl MainMenu::MainMenu(float,float)" (??0MainMenu@@QEAA@MM@Z)
MainMenu.obj : error LNK2019: unresolved external symbol "public: void __cdecl sf::Text::setFillColor(class sf::Color const &)" (?setFillColor@Text@sf@@QEAAXAEBVColor@2@@Z) referenced in function "public: __cdecl MainMenu::MainMenu(float,float)" (??0MainMenu@@QEAA@MM@Z)
MainMenu.obj : error LNK2001: unresolved external symbol "public: static class sf::Color const sf::Color::White" (?White@Color@sf@@2V12@B)
MainMenu.obj : error LNK2001: unresolved external symbol "public: static class sf::Color const sf::Color::Red" (?Red@Color@sf@@2V12@B)
C:\Users\Austin\Downloads\WSU-CPTS-122-Abscond-Andy-PA-9-rcalimlim-patch-2\WSU-CPTS-122-Abscond-Andy-PA-9-rcalimlim-patch-2\SFML-2.6.1\lib\sfml-graphics-s-d.lib : warning LNK4272: library machine type 'x86' conflicts with target machine type 'x64'
C:\Users\Austin\Downloads\WSU-CPTS-122-Abscond-Andy-PA-9-rcalimlim-patch-2\WSU-CPTS-122-Abscond-Andy-PA-9-rcalimlim-patch-2\SFML-2.6.1\lib\sfml-window-s-d.lib : warning LNK4272: library machine type 'x86' conflicts with target machine type 'x64'
C:\Users\Austin\Downloads\WSU-CPTS-122-Abscond-Andy-PA-9-rcalimlim-patch-2\WSU-CPTS-122-Abscond-Andy-PA-9-rcalimlim-patch-2\SFML-2.6.1\lib\sfml-system-s-d.lib : warning LNK4272: library machine type 'x86' conflicts with target machine type 'x64'
C:\Users\Austin\Downloads\WSU-CPTS-122-Abscond-Andy-PA-9-rcalimlim-patch-2\WSU-CPTS-122-Abscond-Andy-PA-9-rcalimlim-patch-2\SFML-2.6.1\lib\sfml-audio-s-d.lib : warning LNK4272: library machine type 'x86' conflicts with target machine type 'x64'
C:\Users\Austin\Downloads\WSU-CPTS-122-Abscond-Andy-PA-9-rcalimlim-patch-2\WSU-CPTS-122-Abscond-Andy-PA-9-rcalimlim-patch-2\SFML-2.6.1\lib\freetype.lib : warning LNK4272: library machine type 'x86' conflicts with target machine type 'x64'
C:\Users\Austin\Downloads\WSU-CPTS-122-Abscond-Andy-PA-9-rcalimlim-patch-2\WSU-CPTS-122-Abscond-Andy-PA-9-rcalimlim-patch-2\SFML-2.6.1\lib\openal32.lib : warning LNK4272: library machine type 'x86' conflicts with target machine type 'x64'
C:\Users\Austin\Downloads\WSU-CPTS-122-Abscond-Andy-PA-9-rcalimlim-patch-2\WSU-CPTS-122-Abscond-Andy-PA-9-rcalimlim-patch-2\SFML-2.6.1\lib\flac.lib : warning LNK4272: library machine type 'x86' conflicts with target machine type 'x64'
C:\Users\Austin\Downloads\WSU-CPTS-122-Abscond-Andy-PA-9-rcalimlim-patch-2\WSU-CPTS-122-Abscond-Andy-PA-9-rcalimlim-patch-2\SFML-2.6.1\lib\vorbisenc.lib : warning LNK4272: library machine type 'x86' conflicts with target machine type 'x64'
C:\Users\Austin\Downloads\WSU-CPTS-122-Abscond-Andy-PA-9-rcalimlim-patch-2\WSU-CPTS-122-Abscond-Andy-PA-9-rcalimlim-patch-2\SFML-2.6.1\lib\vorbisfile.lib : warning LNK4272: library machine type 'x86' conflicts with target machine type 'x64'
C:\Users\Austin\Downloads\WSU-CPTS-122-Abscond-Andy-PA-9-rcalimlim-patch-2\WSU-CPTS-122-Abscond-Andy-PA-9-rcalimlim-patch-2\SFML-2.6.1\lib\vorbis.lib : warning LNK4272: library machine type 'x86' conflicts with target machine type 'x64'
C:\Users\Austin\Downloads\WSU-CPTS-122-Abscond-Andy-PA-9-rcalimlim-patch-2\WSU-CPTS-122-Abscond-Andy-PA-9-rcalimlim-patch-2\SFML-2.6.1\lib\ogg.lib : warning LNK4272: library machine type 'x86' conflicts with target machine type 'x64'
C:\Users\Austin\Downloads\WSU-CPTS-122-Abscond-Andy-PA-9-rcalimlim-patch-2\WSU-CPTS-122-Abscond-Andy-PA-9-rcalimlim-patch-2\x64\Debug\CPTS 122 PA 9 Abscond Andy.exe : fatal error LNK1120: 51 unresolved externals
