d:\wsu stuff\cpts 122 take 2\cpts 122 pa 9 abscond andy\cpts 122.f1d9073f\x64\debug\vc143.pdb
d:\wsu stuff\cpts 122 take 2\cpts 122 pa 9 abscond andy\cpts 122.f1d9073f\x64\debug\vc143.idb
d:\wsu stuff\cpts 122 take 2\cpts 122 pa 9 abscond andy\cpts 122.f1d9073f\x64\debug\player.obj
d:\wsu stuff\cpts 122 take 2\cpts 122 pa 9 abscond andy\cpts 122.f1d9073f\x64\debug\main.obj
d:\wsu stuff\cpts 122 take 2\cpts 122 pa 9 abscond andy\cpts 122.f1d9073f\x64\debug\entity.obj
d:\wsu stuff\cpts 122 take 2\cpts 122 pa 9 abscond andy\cpts 122.f1d9073f\x64\debug\enemy.obj
d:\wsu stuff\cpts 122 take 2\cpts 122 pa 9 abscond andy\cpts 122.f1d9073f\x64\debug\fireball.obj
d:\wsu stuff\cpts 122 take 2\cpts 122 pa 9 abscond andy\cpts 122.f1d9073f\x64\debug\wall.obj
d:\wsu stuff\cpts 122 take 2\cpts 122 pa 9 abscond andy\cpts 122.f1d9073f\x64\debug\animation.obj
d:\wsu stuff\cpts 122 take 2\cpts 122 pa 9 abscond andy\x64\debug\cpts 122 pa 9 abscond andy.exe
d:\wsu stuff\cpts 122 take 2\cpts 122 pa 9 abscond andy\x64\debug\cpts 122 pa 9 abscond andy.pdb
d:\wsu stuff\cpts 122 take 2\cpts 122 pa 9 abscond andy\cpts 122.f1d9073f\x64\debug\cpts 122 pa 9 abscond andy.ilk
d:\wsu stuff\cpts 122 take 2\cpts 122 pa 9 abscond andy\cpts 122.f1d9073f\x64\debug\cpts 122.f1d9073f.tlog\cl.command.1.tlog
d:\wsu stuff\cpts 122 take 2\cpts 122 pa 9 abscond andy\cpts 122.f1d9073f\x64\debug\cpts 122.f1d9073f.tlog\cl.items.tlog
d:\wsu stuff\cpts 122 take 2\cpts 122 pa 9 abscond andy\cpts 122.f1d9073f\x64\debug\cpts 122.f1d9073f.tlog\cl.read.1.tlog
d:\wsu stuff\cpts 122 take 2\cpts 122 pa 9 abscond andy\cpts 122.f1d9073f\x64\debug\cpts 122.f1d9073f.tlog\cl.write.1.tlog
d:\wsu stuff\cpts 122 take 2\cpts 122 pa 9 abscond andy\cpts 122.f1d9073f\x64\debug\cpts 122.f1d9073f.tlog\link.command.1.tlog
d:\wsu stuff\cpts 122 take 2\cpts 122 pa 9 abscond andy\cpts 122.f1d9073f\x64\debug\cpts 122.f1d9073f.tlog\link.read.1.tlog
d:\wsu stuff\cpts 122 take 2\cpts 122 pa 9 abscond andy\cpts 122.f1d9073f\x64\debug\cpts 122.f1d9073f.tlog\link.secondary.1.tlog
d:\wsu stuff\cpts 122 take 2\cpts 122 pa 9 abscond andy\cpts 122.f1d9073f\x64\debug\cpts 122.f1d9073f.tlog\link.write.1.tlog
